<?xml version="1.0" encoding="UTF-8"?>
<coverage generated="1543686248650" clover="3.2.0">
  <project timestamp="1543686248650" name="All files">
    <metrics statements="140" coveredstatements="140" conditionals="12" coveredconditionals="12" methods="23" coveredmethods="23" elements="175" coveredelements="175" complexity="0" loc="140" ncloc="140" packages="4" files="6" classes="6">
      <package name="tools">
        <metrics statements="28" coveredstatements="28" conditionals="2" coveredconditionals="2" methods="3" coveredmethods="3"/>
        <file name="server.js" path="C:\Student\Year3\Ovidiu_Mitroi_340CT_6832432_BACK_END\tools\server.js">
          <metrics statements="28" coveredstatements="28" conditionals="2" coveredconditionals="2" methods="3" coveredmethods="3"/>
          <line num="9" count="1" type="stmt"/>
          <line num="10" count="1" type="stmt"/>
          <line num="11" count="1" type="stmt"/>
          <line num="37" count="1" type="stmt"/>
          <line num="38" count="1" type="stmt"/>
          <line num="39" count="1" type="stmt"/>
          <line num="40" count="1" type="stmt"/>
          <line num="41" count="1" type="stmt"/>
          <line num="42" count="1" type="stmt"/>
          <line num="43" count="17" type="stmt"/>
          <line num="44" count="17" type="stmt"/>
          <line num="45" count="17" type="stmt"/>
          <line num="46" count="17" type="stmt"/>
          <line num="47" count="17" type="stmt"/>
          <line num="49" count="1" type="stmt"/>
          <line num="55" count="1" type="stmt"/>
          <line num="56" count="3" type="stmt"/>
          <line num="57" count="3" type="stmt"/>
          <line num="58" count="3" type="stmt"/>
          <line num="59" count="3" type="cond" truecount="2" falsecount="0"/>
          <line num="60" count="2" type="stmt"/>
          <line num="63" count="1" type="stmt"/>
          <line num="64" count="1" type="stmt"/>
          <line num="67" count="1" type="stmt"/>
          <line num="68" count="1" type="stmt"/>
          <line num="69" count="1" type="stmt"/>
          <line num="70" count="1" type="stmt"/>
          <line num="71" count="1" type="stmt"/>
        </file>
      </package>
      <package name="tools.modules">
        <metrics statements="47" coveredstatements="47" conditionals="4" coveredconditionals="4" methods="12" coveredmethods="12"/>
        <file name="user-persist.js" path="C:\Student\Year3\Ovidiu_Mitroi_340CT_6832432_BACK_END\tools\modules\user-persist.js">
          <metrics statements="31" coveredstatements="31" conditionals="2" coveredconditionals="2" methods="6" coveredmethods="6"/>
          <line num="5" count="1" type="stmt"/>
          <line num="6" count="1" type="stmt"/>
          <line num="7" count="1" type="stmt"/>
          <line num="11" count="1" type="stmt"/>
          <line num="17" count="4" type="stmt"/>
          <line num="18" count="3" type="stmt"/>
          <line num="19" count="3" type="stmt"/>
          <line num="20" count="3" type="stmt"/>
          <line num="23" count="2" type="cond" truecount="2" falsecount="0"/>
          <line num="24" count="1" type="stmt"/>
          <line num="29" count="1" type="stmt"/>
          <line num="30" count="1" type="stmt"/>
          <line num="31" count="1" type="stmt"/>
          <line num="39" count="1" type="stmt"/>
          <line num="51" count="1" type="stmt"/>
          <line num="52" count="1" type="stmt"/>
          <line num="53" count="1" type="stmt"/>
          <line num="60" count="1" type="stmt"/>
          <line num="61" count="1" type="stmt"/>
          <line num="65" count="1" type="stmt"/>
          <line num="66" count="1" type="stmt"/>
          <line num="67" count="1" type="stmt"/>
          <line num="68" count="1" type="stmt"/>
          <line num="69" count="1" type="stmt"/>
          <line num="72" count="2" type="stmt"/>
          <line num="73" count="1" type="stmt"/>
          <line num="74" count="1" type="stmt"/>
          <line num="75" count="1" type="stmt"/>
          <line num="78" count="1" type="stmt"/>
          <line num="79" count="1" type="stmt"/>
          <line num="80" count="1" type="stmt"/>
        </file>
        <file name="utils.js" path="C:\Student\Year3\Ovidiu_Mitroi_340CT_6832432_BACK_END\tools\modules\utils.js">
          <metrics statements="16" coveredstatements="16" conditionals="2" coveredconditionals="2" methods="6" coveredmethods="6"/>
          <line num="5" count="4" type="stmt"/>
          <line num="6" count="4" type="stmt"/>
          <line num="15" count="4" type="stmt"/>
          <line num="16" count="3" type="stmt"/>
          <line num="17" count="3" type="stmt"/>
          <line num="21" count="1" type="stmt"/>
          <line num="23" count="1" type="stmt"/>
          <line num="24" count="1" type="stmt"/>
          <line num="25" count="1" type="stmt"/>
          <line num="26" count="1" type="stmt"/>
          <line num="35" count="1" type="stmt"/>
          <line num="36" count="1" type="stmt"/>
          <line num="37" count="1" type="stmt"/>
          <line num="39" count="1" type="stmt"/>
          <line num="41" count="1" type="stmt"/>
          <line num="45" count="15" type="cond" truecount="2" falsecount="0"/>
        </file>
      </package>
      <package name="tools.versions.v1">
        <metrics statements="5" coveredstatements="5" conditionals="0" coveredconditionals="0" methods="0" coveredmethods="0"/>
        <file name="v1.js" path="C:\Student\Year3\Ovidiu_Mitroi_340CT_6832432_BACK_END\tools\versions\v1\v1.js">
          <metrics statements="5" coveredstatements="5" conditionals="0" coveredconditionals="0" methods="0" coveredmethods="0"/>
          <line num="8" count="1" type="stmt"/>
          <line num="9" count="1" type="stmt"/>
          <line num="11" count="1" type="stmt"/>
          <line num="13" count="1" type="stmt"/>
          <line num="14" count="1" type="stmt"/>
        </file>
      </package>
      <package name="tools.versions.v1.modules">
        <metrics statements="60" coveredstatements="60" conditionals="6" coveredconditionals="6" methods="8" coveredmethods="8"/>
        <file name="basicAuth.js" path="C:\Student\Year3\Ovidiu_Mitroi_340CT_6832432_BACK_END\tools\versions\v1\modules\basicAuth.js">
          <metrics statements="8" coveredstatements="8" conditionals="4" coveredconditionals="4" methods="1" coveredmethods="1"/>
          <line num="2" count="14" type="cond" truecount="4" falsecount="0"/>
          <line num="3" count="5" type="stmt"/>
          <line num="6" count="9" type="stmt"/>
          <line num="7" count="9" type="stmt"/>
          <line num="8" count="9" type="stmt"/>
          <line num="10" count="9" type="stmt"/>
          <line num="14" count="9" type="stmt"/>
          <line num="15" count="9" type="stmt"/>
        </file>
        <file name="users.js" path="C:\Student\Year3\Ovidiu_Mitroi_340CT_6832432_BACK_END\tools\versions\v1\modules\users.js">
          <metrics statements="52" coveredstatements="52" conditionals="2" coveredconditionals="2" methods="7" coveredmethods="7"/>
          <line num="16" count="1" type="stmt"/>
          <line num="17" count="1" type="stmt"/>
          <line num="18" count="1" type="stmt"/>
          <line num="19" count="14" type="stmt"/>
          <line num="20" count="14" type="stmt"/>
          <line num="21" count="14" type="stmt"/>
          <line num="22" count="14" type="stmt"/>
          <line num="23" count="14" type="stmt"/>
          <line num="25" count="1" type="stmt"/>
          <line num="26" count="1" type="stmt"/>
          <line num="27" count="1" type="stmt"/>
          <line num="28" count="14" type="stmt"/>
          <line num="29" count="5" type="stmt"/>
          <line num="30" count="5" type="stmt"/>
          <line num="33" count="1" type="stmt"/>
          <line num="35" count="1" type="stmt"/>
          <line num="36" count="2" type="stmt"/>
          <line num="38" count="2" type="stmt"/>
          <line num="39" count="2" type="cond" truecount="2" falsecount="0"/>
          <line num="40" count="1" type="stmt"/>
          <line num="41" count="1" type="stmt"/>
          <line num="47" count="1" type="stmt"/>
          <line num="48" count="1" type="stmt"/>
          <line num="52" count="1" type="stmt"/>
          <line num="53" count="2" type="stmt"/>
          <line num="54" count="2" type="stmt"/>
          <line num="55" count="2" type="stmt"/>
          <line num="57" count="2" type="stmt"/>
          <line num="58" count="1" type="stmt"/>
          <line num="61" count="1" type="stmt"/>
          <line num="64" count="1" type="stmt"/>
          <line num="65" count="2" type="stmt"/>
          <line num="66" count="2" type="stmt"/>
          <line num="67" count="2" type="stmt"/>
          <line num="68" count="2" type="stmt"/>
          <line num="69" count="1" type="stmt"/>
          <line num="70" count="1" type="stmt"/>
          <line num="73" count="1" type="stmt"/>
          <line num="74" count="1" type="stmt"/>
          <line num="78" count="1" type="stmt"/>
          <line num="79" count="3" type="stmt"/>
          <line num="80" count="3" type="stmt"/>
          <line num="81" count="3" type="stmt"/>
          <line num="82" count="3" type="stmt"/>
          <line num="83" count="3" type="stmt"/>
          <line num="84" count="1" type="stmt"/>
          <line num="85" count="1" type="stmt"/>
          <line num="88" count="2" type="stmt"/>
          <line num="89" count="2" type="stmt"/>
          <line num="90" count="2" type="stmt"/>
          <line num="95" count="1" type="stmt"/>
          <line num="96" count="1" type="stmt"/>
        </file>
      </package>
    </metrics>
  </project>
</coverage>
