{"C:\\Student\\Year3\\Ovidiu_Mitroi_340CT_6832432_BACK_END\\tools\\server.js": {"path":"C:\\Student\\Year3\\Ovidiu_Mitroi_340CT_6832432_BACK_END\\tools\\server.js","statementMap":{"0":{"start":{"line":9,"column":0},"end":{"line":9,"column":26}},"1":{"start":{"line":10,"column":23},"end":{"line":10,"column":27}},"2":{"start":{"line":11,"column":19},"end":{"line":36,"column":1}},"3":{"start":{"line":37,"column":12},"end":{"line":37,"column":21}},"4":{"start":{"line":38,"column":13},"end":{"line":38,"column":17}},"5":{"start":{"line":39,"column":0},"end":{"line":39,"column":16}},"6":{"start":{"line":40,"column":0},"end":{"line":40,"column":23}},"7":{"start":{"line":41,"column":0},"end":{"line":41,"column":15}},"8":{"start":{"line":42,"column":0},"end":{"line":48,"column":2}},"9":{"start":{"line":43,"column":4},"end":{"line":43,"column":47}},"10":{"start":{"line":44,"column":4},"end":{"line":44,"column":93}},"11":{"start":{"line":45,"column":4},"end":{"line":45,"column":74}},"12":{"start":{"line":46,"column":4},"end":{"line":46,"column":46}},"13":{"start":{"line":47,"column":4},"end":{"line":47,"column":16}},"14":{"start":{"line":49,"column":15},"end":{"line":49,"column":27}},"15":{"start":{"line":55,"column":0},"end":{"line":66,"column":2}},"16":{"start":{"line":56,"column":4},"end":{"line":56,"column":26}},"17":{"start":{"line":57,"column":4},"end":{"line":57,"column":26}},"18":{"start":{"line":58,"column":4},"end":{"line":65,"column":5}},"19":{"start":{"line":59,"column":8},"end":{"line":59,"column":63}},"20":{"start":{"line":59,"column":30},"end":{"line":59,"column":63}},"21":{"start":{"line":60,"column":8},"end":{"line":60,"column":45}},"22":{"start":{"line":63,"column":8},"end":{"line":63,"column":37}},"23":{"start":{"line":64,"column":2},"end":{"line":64,"column":52}},"24":{"start":{"line":67,"column":0},"end":{"line":67,"column":24}},"25":{"start":{"line":68,"column":0},"end":{"line":68,"column":32}},"26":{"start":{"line":69,"column":0},"end":{"line":69,"column":28}},"27":{"start":{"line":70,"column":15},"end":{"line":72,"column":2}},"28":{"start":{"line":71,"column":4},"end":{"line":71,"column":39}}},"fnMap":{"0":{"name":"(anonymous_0)","decl":{"start":{"line":42,"column":9},"end":{"line":42,"column":10}},"loc":{"start":{"line":42,"column":29},"end":{"line":48,"column":1}},"line":42},"1":{"name":"(anonymous_1)","decl":{"start":{"line":55,"column":19},"end":{"line":55,"column":20}},"loc":{"start":{"line":55,"column":32},"end":{"line":66,"column":1}},"line":55},"2":{"name":"(anonymous_2)","decl":{"start":{"line":70,"column":32},"end":{"line":70,"column":33}},"loc":{"start":{"line":70,"column":38},"end":{"line":72,"column":1}},"line":70}},"branchMap":{"0":{"loc":{"start":{"line":59,"column":8},"end":{"line":59,"column":63}},"type":"if","locations":[{"start":{"line":59,"column":8},"end":{"line":59,"column":63}},{"start":{"line":59,"column":8},"end":{"line":59,"column":63}}],"line":59}},"s":{"0":1,"1":1,"2":1,"3":1,"4":1,"5":1,"6":1,"7":1,"8":1,"9":17,"10":17,"11":17,"12":17,"13":17,"14":1,"15":1,"16":3,"17":3,"18":3,"19":3,"20":1,"21":2,"22":1,"23":1,"24":1,"25":1,"26":1,"27":1,"28":1},"f":{"0":17,"1":3,"2":1},"b":{"0":[1,2]},"_coverageSchema":"332fd63041d2c1bcb487cc26dd0d5f7d97098a6c","hash":"f5eca151d781e85af8c357691bbc878514acd495"}
,"C:\\Student\\Year3\\Ovidiu_Mitroi_340CT_6832432_BACK_END\\tools\\modules\\user-persist.js": {"path":"C:\\Student\\Year3\\Ovidiu_Mitroi_340CT_6832432_BACK_END\\tools\\modules\\user-persist.js","statementMap":{"0":{"start":{"line":5,"column":0},"end":{"line":5,"column":15}},"1":{"start":{"line":6,"column":12},"end":{"line":6,"column":13}},"2":{"start":{"line":7,"column":18},"end":{"line":10,"column":1}},"3":{"start":{"line":11,"column":19},"end":{"line":15,"column":1}},"4":{"start":{"line":17,"column":17},"end":{"line":17,"column":36}},"5":{"start":{"line":18,"column":13},"end":{"line":18,"column":36}},"6":{"start":{"line":19,"column":21},"end":{"line":19,"column":49}},"7":{"start":{"line":20,"column":4},"end":{"line":20,"column":31}},"8":{"start":{"line":23,"column":4},"end":{"line":23,"column":94}},"9":{"start":{"line":23,"column":44},"end":{"line":23,"column":94}},"10":{"start":{"line":24,"column":22},"end":{"line":27,"column":5}},"11":{"start":{"line":29,"column":20},"end":{"line":29,"column":54}},"12":{"start":{"line":30,"column":16},"end":{"line":30,"column":86}},"13":{"start":{"line":31,"column":16},"end":{"line":38,"column":5}},"14":{"start":{"line":39,"column":20},"end":{"line":50,"column":5}},"15":{"start":{"line":51,"column":4},"end":{"line":51,"column":21}},"16":{"start":{"line":52,"column":23},"end":{"line":52,"column":74}},"17":{"start":{"line":53,"column":4},"end":{"line":62,"column":10}},"18":{"start":{"line":60,"column":12},"end":{"line":60,"column":21}},"19":{"start":{"line":61,"column":12},"end":{"line":61,"column":57}},"20":{"start":{"line":65,"column":32},"end":{"line":65,"column":135}},"21":{"start":{"line":66,"column":47},"end":{"line":66,"column":55}},"22":{"start":{"line":67,"column":17},"end":{"line":67,"column":63}},"23":{"start":{"line":68,"column":4},"end":{"line":68,"column":24}},"24":{"start":{"line":69,"column":4},"end":{"line":69,"column":63}},"25":{"start":{"line":72,"column":32},"end":{"line":72,"column":130}},"26":{"start":{"line":73,"column":17},"end":{"line":73,"column":68}},"27":{"start":{"line":74,"column":4},"end":{"line":74,"column":24}},"28":{"start":{"line":75,"column":4},"end":{"line":75,"column":17}},"29":{"start":{"line":78,"column":21},"end":{"line":78,"column":119}},"30":{"start":{"line":79,"column":4},"end":{"line":79,"column":24}},"31":{"start":{"line":80,"column":4},"end":{"line":80,"column":15}}},"fnMap":{"0":{"name":"getClientAndCollection","decl":{"start":{"line":16,"column":15},"end":{"line":16,"column":37}},"loc":{"start":{"line":16,"column":59},"end":{"line":21,"column":1}},"line":16},"1":{"name":"createUser","decl":{"start":{"line":22,"column":22},"end":{"line":22,"column":32}},"loc":{"start":{"line":22,"column":43},"end":{"line":63,"column":1}},"line":22},"2":{"name":"(anonymous_2)","decl":{"start":{"line":59,"column":17},"end":{"line":59,"column":18}},"loc":{"start":{"line":59,"column":30},"end":{"line":62,"column":9}},"line":59},"3":{"name":"postUserData","decl":{"start":{"line":64,"column":15},"end":{"line":64,"column":27}},"loc":{"start":{"line":64,"column":48},"end":{"line":70,"column":1}},"line":64},"4":{"name":"getUserByUsername","decl":{"start":{"line":71,"column":22},"end":{"line":71,"column":39}},"loc":{"start":{"line":71,"column":45},"end":{"line":76,"column":1}},"line":71},"5":{"name":"headlessConnection","decl":{"start":{"line":77,"column":22},"end":{"line":77,"column":40}},"loc":{"start":{"line":77,"column":46},"end":{"line":81,"column":1}},"line":77}},"branchMap":{"0":{"loc":{"start":{"line":23,"column":4},"end":{"line":23,"column":94}},"type":"if","locations":[{"start":{"line":23,"column":4},"end":{"line":23,"column":94}},{"start":{"line":23,"column":4},"end":{"line":23,"column":94}}],"line":23}},"s":{"0":1,"1":1,"2":1,"3":1,"4":4,"5":3,"6":3,"7":3,"8":2,"9":1,"10":1,"11":1,"12":1,"13":1,"14":1,"15":1,"16":1,"17":1,"18":1,"19":1,"20":1,"21":1,"22":1,"23":1,"24":1,"25":2,"26":1,"27":1,"28":1,"29":1,"30":1,"31":1},"f":{"0":4,"1":2,"2":1,"3":1,"4":2,"5":1},"b":{"0":[1,1]},"_coverageSchema":"332fd63041d2c1bcb487cc26dd0d5f7d97098a6c","hash":"29c6710e30317aba41e94c24d87ab30c8c9f44cd"}
,"C:\\Student\\Year3\\Ovidiu_Mitroi_340CT_6832432_BACK_END\\tools\\modules\\utils.js": {"path":"C:\\Student\\Year3\\Ovidiu_Mitroi_340CT_6832432_BACK_END\\tools\\modules\\utils.js","statementMap":{"0":{"start":{"line":5,"column":20},"end":{"line":5,"column":55}},"1":{"start":{"line":6,"column":18},"end":{"line":14,"column":5}},"2":{"start":{"line":15,"column":4},"end":{"line":18,"column":6}},"3":{"start":{"line":16,"column":8},"end":{"line":16,"column":73}},"4":{"start":{"line":17,"column":8},"end":{"line":17,"column":21}},"5":{"start":{"line":21,"column":4},"end":{"line":42,"column":6}},"6":{"start":{"line":23,"column":22},"end":{"line":23,"column":101}},"7":{"start":{"line":24,"column":22},"end":{"line":24,"column":99}},"8":{"start":{"line":25,"column":19},"end":{"line":25,"column":52}},"9":{"start":{"line":26,"column":20},"end":{"line":34,"column":9}},"10":{"start":{"line":35,"column":20},"end":{"line":35,"column":69}},"11":{"start":{"line":36,"column":20},"end":{"line":36,"column":59}},"12":{"start":{"line":37,"column":25},"end":{"line":37,"column":74}},"13":{"start":{"line":39,"column":25},"end":{"line":39,"column":224}},"14":{"start":{"line":41,"column":8},"end":{"line":41,"column":25}},"15":{"start":{"line":45,"column":4},"end":{"line":45,"column":83}},"16":{"start":{"line":45,"column":49},"end":{"line":45,"column":76}}},"fnMap":{"0":{"name":"connect","decl":{"start":{"line":4,"column":22},"end":{"line":4,"column":29}},"loc":{"start":{"line":4,"column":36},"end":{"line":19,"column":1}},"line":4},"1":{"name":"(anonymous_1)","decl":{"start":{"line":15,"column":55},"end":{"line":15,"column":56}},"loc":{"start":{"line":15,"column":65},"end":{"line":18,"column":5}},"line":15},"2":{"name":"digestGenerateHeader","decl":{"start":{"line":20,"column":22},"end":{"line":20,"column":42}},"loc":{"start":{"line":20,"column":63},"end":{"line":43,"column":1}},"line":20},"3":{"name":"(anonymous_3)","decl":{"start":{"line":21,"column":38},"end":{"line":21,"column":39}},"loc":{"start":{"line":21,"column":45},"end":{"line":42,"column":5}},"line":21},"4":{"name":"schemaCheck","decl":{"start":{"line":44,"column":16},"end":{"line":44,"column":27}},"loc":{"start":{"line":44,"column":41},"end":{"line":46,"column":1}},"line":44},"5":{"name":"(anonymous_5)","decl":{"start":{"line":45,"column":38},"end":{"line":45,"column":39}},"loc":{"start":{"line":45,"column":49},"end":{"line":45,"column":76}},"line":45}},"branchMap":{"0":{"loc":{"start":{"line":45,"column":49},"end":{"line":45,"column":76}},"type":"binary-expr","locations":[{"start":{"line":45,"column":49},"end":{"line":45,"column":50}},{"start":{"line":45,"column":54},"end":{"line":45,"column":76}}],"line":45}},"s":{"0":4,"1":4,"2":4,"3":3,"4":3,"5":1,"6":1,"7":1,"8":1,"9":1,"10":1,"11":1,"12":1,"13":1,"14":1,"15":5,"16":15},"f":{"0":4,"1":3,"2":1,"3":1,"4":5,"5":15},"b":{"0":[15,13]},"_coverageSchema":"332fd63041d2c1bcb487cc26dd0d5f7d97098a6c","hash":"16dc2a4c30b906f388835f7a3e2a1a91f45d25e0"}
,"C:\\Student\\Year3\\Ovidiu_Mitroi_340CT_6832432_BACK_END\\tools\\versions\\v1\\v1.js": {"path":"C:\\Student\\Year3\\Ovidiu_Mitroi_340CT_6832432_BACK_END\\tools\\versions\\v1\\v1.js","statementMap":{"0":{"start":{"line":8,"column":12},"end":{"line":8,"column":21}},"1":{"start":{"line":9,"column":15},"end":{"line":9,"column":27}},"2":{"start":{"line":11,"column":0},"end":{"line":11,"column":30}},"3":{"start":{"line":13,"column":0},"end":{"line":13,"column":24}},"4":{"start":{"line":14,"column":0},"end":{"line":14,"column":32}}},"fnMap":{},"branchMap":{},"s":{"0":1,"1":1,"2":1,"3":1,"4":1},"f":{},"b":{},"_coverageSchema":"332fd63041d2c1bcb487cc26dd0d5f7d97098a6c","hash":"ca8644a4f52359c2be85cd9f6ebc20f8bd3d127b"}
,"C:\\Student\\Year3\\Ovidiu_Mitroi_340CT_6832432_BACK_END\\tools\\versions\\v1\\modules\\basicAuth.js": {"path":"C:\\Student\\Year3\\Ovidiu_Mitroi_340CT_6832432_BACK_END\\tools\\versions\\v1\\modules\\basicAuth.js","statementMap":{"0":{"start":{"line":2,"column":5},"end":{"line":4,"column":6}},"1":{"start":{"line":3,"column":9},"end":{"line":3,"column":63}},"2":{"start":{"line":6,"column":31},"end":{"line":6,"column":69}},"3":{"start":{"line":7,"column":24},"end":{"line":7,"column":82}},"4":{"start":{"line":8,"column":33},"end":{"line":8,"column":55}},"5":{"start":{"line":10,"column":4},"end":{"line":13,"column":5}},"6":{"start":{"line":14,"column":4},"end":{"line":14,"column":31}},"7":{"start":{"line":15,"column":4},"end":{"line":15,"column":16}}},"fnMap":{"0":{"name":"(anonymous_0)","decl":{"start":{"line":1,"column":15},"end":{"line":1,"column":16}},"loc":{"start":{"line":1,"column":40},"end":{"line":16,"column":2}},"line":1}},"branchMap":{"0":{"loc":{"start":{"line":2,"column":5},"end":{"line":4,"column":6}},"type":"if","locations":[{"start":{"line":2,"column":5},"end":{"line":4,"column":6}},{"start":{"line":2,"column":5},"end":{"line":4,"column":6}}],"line":2},"1":{"loc":{"start":{"line":2,"column":9},"end":{"line":2,"column":91}},"type":"binary-expr","locations":[{"start":{"line":2,"column":9},"end":{"line":2,"column":36}},{"start":{"line":2,"column":40},"end":{"line":2,"column":91}}],"line":2}},"s":{"0":14,"1":5,"2":9,"3":9,"4":9,"5":9,"6":9,"7":9},"f":{"0":14},"b":{"0":[5,9],"1":[14,9]},"_coverageSchema":"332fd63041d2c1bcb487cc26dd0d5f7d97098a6c","hash":"2cb12e68f3796252ef04ff1be6232a94ea9302dd"}
,"C:\\Student\\Year3\\Ovidiu_Mitroi_340CT_6832432_BACK_END\\tools\\versions\\v1\\modules\\users.js": {"path":"C:\\Student\\Year3\\Ovidiu_Mitroi_340CT_6832432_BACK_END\\tools\\versions\\v1\\modules\\users.js","statementMap":{"0":{"start":{"line":16,"column":12},"end":{"line":16,"column":21}},"1":{"start":{"line":17,"column":0},"end":{"line":17,"column":16}},"2":{"start":{"line":18,"column":0},"end":{"line":24,"column":2}},"3":{"start":{"line":19,"column":4},"end":{"line":19,"column":47}},"4":{"start":{"line":20,"column":4},"end":{"line":20,"column":93}},"5":{"start":{"line":21,"column":4},"end":{"line":21,"column":74}},"6":{"start":{"line":22,"column":4},"end":{"line":22,"column":46}},"7":{"start":{"line":23,"column":1},"end":{"line":23,"column":13}},"8":{"start":{"line":25,"column":13},"end":{"line":25,"column":17}},"9":{"start":{"line":26,"column":15},"end":{"line":26,"column":27}},"10":{"start":{"line":27,"column":0},"end":{"line":32,"column":2}},"11":{"start":{"line":28,"column":4},"end":{"line":31,"column":6}},"12":{"start":{"line":29,"column":8},"end":{"line":29,"column":40}},"13":{"start":{"line":30,"column":8},"end":{"line":30,"column":70}},"14":{"start":{"line":33,"column":0},"end":{"line":33,"column":21}},"15":{"start":{"line":35,"column":0},"end":{"line":50,"column":2}},"16":{"start":{"line":36,"column":4},"end":{"line":36,"column":26}},"17":{"start":{"line":38,"column":4},"end":{"line":49,"column":5}},"18":{"start":{"line":39,"column":8},"end":{"line":39,"column":63}},"19":{"start":{"line":39,"column":30},"end":{"line":39,"column":63}},"20":{"start":{"line":40,"column":8},"end":{"line":40,"column":30}},"21":{"start":{"line":41,"column":8},"end":{"line":44,"column":9}},"22":{"start":{"line":47,"column":8},"end":{"line":47,"column":37}},"23":{"start":{"line":48,"column":8},"end":{"line":48,"column":67}},"24":{"start":{"line":52,"column":0},"end":{"line":63,"column":2}},"25":{"start":{"line":53,"column":4},"end":{"line":53,"column":41}},"26":{"start":{"line":54,"column":17},"end":{"line":54,"column":31}},"27":{"start":{"line":55,"column":4},"end":{"line":62,"column":5}},"28":{"start":{"line":57,"column":18},"end":{"line":57,"column":51}},"29":{"start":{"line":58,"column":8},"end":{"line":58,"column":30}},"30":{"start":{"line":61,"column":8},"end":{"line":61,"column":40}},"31":{"start":{"line":64,"column":0},"end":{"line":76,"column":2}},"32":{"start":{"line":65,"column":4},"end":{"line":65,"column":41}},"33":{"start":{"line":66,"column":17},"end":{"line":66,"column":31}},"34":{"start":{"line":67,"column":4},"end":{"line":75,"column":5}},"35":{"start":{"line":68,"column":18},"end":{"line":68,"column":50}},"36":{"start":{"line":69,"column":8},"end":{"line":69,"column":22}},"37":{"start":{"line":70,"column":8},"end":{"line":70,"column":30}},"38":{"start":{"line":73,"column":8},"end":{"line":73,"column":40}},"39":{"start":{"line":74,"column":8},"end":{"line":74,"column":70}},"40":{"start":{"line":78,"column":0},"end":{"line":92,"column":2}},"41":{"start":{"line":79,"column":21},"end":{"line":79,"column":37}},"42":{"start":{"line":80,"column":29},"end":{"line":80,"column":43}},"43":{"start":{"line":81,"column":17},"end":{"line":81,"column":51}},"44":{"start":{"line":82,"column":4},"end":{"line":91,"column":5}},"45":{"start":{"line":83,"column":18},"end":{"line":83,"column":43}},"46":{"start":{"line":84,"column":8},"end":{"line":84,"column":22}},"47":{"start":{"line":85,"column":8},"end":{"line":85,"column":35}},"48":{"start":{"line":88,"column":8},"end":{"line":88,"column":33}},"49":{"start":{"line":89,"column":8},"end":{"line":89,"column":40}},"50":{"start":{"line":90,"column":8},"end":{"line":90,"column":73}},"51":{"start":{"line":95,"column":0},"end":{"line":95,"column":24}},"52":{"start":{"line":96,"column":0},"end":{"line":96,"column":32}}},"fnMap":{"0":{"name":"(anonymous_0)","decl":{"start":{"line":18,"column":9},"end":{"line":18,"column":10}},"loc":{"start":{"line":18,"column":29},"end":{"line":24,"column":1}},"line":18},"1":{"name":"(anonymous_1)","decl":{"start":{"line":27,"column":11},"end":{"line":27,"column":12}},"loc":{"start":{"line":27,"column":31},"end":{"line":32,"column":1}},"line":27},"2":{"name":"(anonymous_2)","decl":{"start":{"line":28,"column":23},"end":{"line":28,"column":24}},"loc":{"start":{"line":28,"column":30},"end":{"line":31,"column":5}},"line":28},"3":{"name":"(anonymous_3)","decl":{"start":{"line":35,"column":15},"end":{"line":35,"column":16}},"loc":{"start":{"line":35,"column":28},"end":{"line":50,"column":1}},"line":35},"4":{"name":"(anonymous_4)","decl":{"start":{"line":52,"column":21},"end":{"line":52,"column":22}},"loc":{"start":{"line":52,"column":34},"end":{"line":63,"column":1}},"line":52},"5":{"name":"(anonymous_5)","decl":{"start":{"line":64,"column":20},"end":{"line":64,"column":21}},"loc":{"start":{"line":64,"column":33},"end":{"line":76,"column":1}},"line":64},"6":{"name":"(anonymous_6)","decl":{"start":{"line":78,"column":23},"end":{"line":78,"column":24}},"loc":{"start":{"line":78,"column":36},"end":{"line":92,"column":1}},"line":78}},"branchMap":{"0":{"loc":{"start":{"line":39,"column":8},"end":{"line":39,"column":63}},"type":"if","locations":[{"start":{"line":39,"column":8},"end":{"line":39,"column":63}},{"start":{"line":39,"column":8},"end":{"line":39,"column":63}}],"line":39}},"s":{"0":1,"1":1,"2":1,"3":14,"4":14,"5":14,"6":14,"7":14,"8":1,"9":1,"10":1,"11":14,"12":5,"13":5,"14":1,"15":1,"16":2,"17":2,"18":2,"19":1,"20":1,"21":1,"22":1,"23":1,"24":1,"25":2,"26":2,"27":2,"28":2,"29":1,"30":1,"31":1,"32":2,"33":2,"34":2,"35":2,"36":1,"37":1,"38":1,"39":1,"40":1,"41":3,"42":3,"43":3,"44":3,"45":3,"46":1,"47":1,"48":2,"49":2,"50":2,"51":1,"52":1},"f":{"0":14,"1":14,"2":5,"3":2,"4":2,"5":2,"6":3},"b":{"0":[1,1]},"_coverageSchema":"332fd63041d2c1bcb487cc26dd0d5f7d97098a6c","hash":"2e17ad18bce20186ac378dc74f12ff2580a2e266"}
}
