TN:
SF:C:\Student\Year3\Ovidiu_Mitroi_340CT_6832432_BACK_END\tools\server.js
FN:42,(anonymous_0)
FN:55,(anonymous_1)
FN:70,(anonymous_2)
FNF:3
FNH:3
FNDA:17,(anonymous_0)
FNDA:3,(anonymous_1)
FNDA:1,(anonymous_2)
DA:9,1
DA:10,1
DA:11,1
DA:37,1
DA:38,1
DA:39,1
DA:40,1
DA:41,1
DA:42,1
DA:43,17
DA:44,17
DA:45,17
DA:46,17
DA:47,17
DA:49,1
DA:55,1
DA:56,3
DA:57,3
DA:58,3
DA:59,3
DA:60,2
DA:63,1
DA:64,1
DA:67,1
DA:68,1
DA:69,1
DA:70,1
DA:71,1
LF:28
LH:28
BRDA:59,0,0,1
BRDA:59,0,1,2
BRF:2
BRH:2
end_of_record
TN:
SF:C:\Student\Year3\Ovidiu_Mitroi_340CT_6832432_BACK_END\tools\modules\user-persist.js
FN:16,getClientAndCollection
FN:22,createUser
FN:59,(anonymous_2)
FN:64,postUserData
FN:71,getUserByUsername
FN:77,headlessConnection
FNF:6
FNH:6
FNDA:4,getClientAndCollection
FNDA:2,createUser
FNDA:1,(anonymous_2)
FNDA:1,postUserData
FNDA:2,getUserByUsername
FNDA:1,headlessConnection
DA:5,1
DA:6,1
DA:7,1
DA:11,1
DA:17,4
DA:18,3
DA:19,3
DA:20,3
DA:23,2
DA:24,1
DA:29,1
DA:30,1
DA:31,1
DA:39,1
DA:51,1
DA:52,1
DA:53,1
DA:60,1
DA:61,1
DA:65,1
DA:66,1
DA:67,1
DA:68,1
DA:69,1
DA:72,2
DA:73,1
DA:74,1
DA:75,1
DA:78,1
DA:79,1
DA:80,1
LF:31
LH:31
BRDA:23,0,0,1
BRDA:23,0,1,1
BRF:2
BRH:2
end_of_record
TN:
SF:C:\Student\Year3\Ovidiu_Mitroi_340CT_6832432_BACK_END\tools\modules\utils.js
FN:4,connect
FN:15,(anonymous_1)
FN:20,digestGenerateHeader
FN:21,(anonymous_3)
FN:44,schemaCheck
FN:45,(anonymous_5)
FNF:6
FNH:6
FNDA:4,connect
FNDA:3,(anonymous_1)
FNDA:1,digestGenerateHeader
FNDA:1,(anonymous_3)
FNDA:5,schemaCheck
FNDA:15,(anonymous_5)
DA:5,4
DA:6,4
DA:15,4
DA:16,3
DA:17,3
DA:21,1
DA:23,1
DA:24,1
DA:25,1
DA:26,1
DA:35,1
DA:36,1
DA:37,1
DA:39,1
DA:41,1
DA:45,15
LF:16
LH:16
BRDA:45,0,0,15
BRDA:45,0,1,13
BRF:2
BRH:2
end_of_record
TN:
SF:C:\Student\Year3\Ovidiu_Mitroi_340CT_6832432_BACK_END\tools\versions\v1\v1.js
FNF:0
FNH:0
DA:8,1
DA:9,1
DA:11,1
DA:13,1
DA:14,1
LF:5
LH:5
BRF:0
BRH:0
end_of_record
TN:
SF:C:\Student\Year3\Ovidiu_Mitroi_340CT_6832432_BACK_END\tools\versions\v1\modules\basicAuth.js
FN:1,(anonymous_0)
FNF:1
FNH:1
FNDA:14,(anonymous_0)
DA:2,14
DA:3,5
DA:6,9
DA:7,9
DA:8,9
DA:10,9
DA:14,9
DA:15,9
LF:8
LH:8
BRDA:2,0,0,5
BRDA:2,0,1,9
BRDA:2,1,0,14
BRDA:2,1,1,9
BRF:4
BRH:4
end_of_record
TN:
SF:C:\Student\Year3\Ovidiu_Mitroi_340CT_6832432_BACK_END\tools\versions\v1\modules\users.js
FN:18,(anonymous_0)
FN:27,(anonymous_1)
FN:28,(anonymous_2)
FN:35,(anonymous_3)
FN:52,(anonymous_4)
FN:64,(anonymous_5)
FN:78,(anonymous_6)
FNF:7
FNH:7
FNDA:14,(anonymous_0)
FNDA:14,(anonymous_1)
FNDA:5,(anonymous_2)
FNDA:2,(anonymous_3)
FNDA:2,(anonymous_4)
FNDA:2,(anonymous_5)
FNDA:3,(anonymous_6)
DA:16,1
DA:17,1
DA:18,1
DA:19,14
DA:20,14
DA:21,14
DA:22,14
DA:23,14
DA:25,1
DA:26,1
DA:27,1
DA:28,14
DA:29,5
DA:30,5
DA:33,1
DA:35,1
DA:36,2
DA:38,2
DA:39,2
DA:40,1
DA:41,1
DA:47,1
DA:48,1
DA:52,1
DA:53,2
DA:54,2
DA:55,2
DA:57,2
DA:58,1
DA:61,1
DA:64,1
DA:65,2
DA:66,2
DA:67,2
DA:68,2
DA:69,1
DA:70,1
DA:73,1
DA:74,1
DA:78,1
DA:79,3
DA:80,3
DA:81,3
DA:82,3
DA:83,3
DA:84,1
DA:85,1
DA:88,2
DA:89,2
DA:90,2
DA:95,1
DA:96,1
LF:52
LH:52
BRDA:39,0,0,1
BRDA:39,0,1,1
BRF:2
BRH:2
end_of_record
